<?xml version="1.0" encoding="UTF-8"?>
<robot generator="Robot 7.1.1 (Python 3.10.12 on linux)" generated="2024-11-14T14:20:56.368664" rpa="false" schemaversion="5">
<suite id="s1" name="Tests" source="/home/imriina/webcounter/webcounter/webcounter/src/tests">
<suite id="s1-s1" name="Increment" source="/home/imriina/webcounter/webcounter/webcounter/src/tests/increment.robot">
<kw name="Open And Configure Browser" owner="resource" type="SETUP">
<if>
<branch type="IF" condition="$BROWSER == 'chrome'">
<kw name="Evaluate" owner="BuiltIn">
<msg time="2024-11-14T14:20:56.465688" level="INFO">${options} = &lt;selenium.webdriver.chrome.options.Options object at 0x7f3baa53ee60&gt;</msg>
<var>${options}</var>
<arg>sys.modules['selenium.webdriver'].ChromeOptions()</arg>
<arg>sys</arg>
<doc>Evaluates the given expression in Python and returns the result.</doc>
<status status="PASS" start="2024-11-14T14:20:56.465427" elapsed="0.000290"/>
</kw>
<status status="PASS" start="2024-11-14T14:20:56.463255" elapsed="0.002516"/>
</branch>
<branch type="ELSE IF" condition="$BROWSER == 'firefox'">
<kw name="Evaluate" owner="BuiltIn">
<var>${options}</var>
<arg>sys.modules['selenium.webdriver'].FirefoxOptions()</arg>
<arg>sys</arg>
<doc>Evaluates the given expression in Python and returns the result.</doc>
<status status="NOT RUN" start="2024-11-14T14:20:56.465882" elapsed="0.000021"/>
</kw>
<status status="NOT RUN" start="2024-11-14T14:20:56.465802" elapsed="0.000135"/>
</branch>
<status status="PASS" start="2024-11-14T14:20:56.463234" elapsed="0.002726"/>
</if>
<if>
<branch type="IF" condition="$HEADLESS == 'true'">
<kw name="Set Selenium Speed" owner="SeleniumLibrary">
<arg>0</arg>
<doc>Sets the delay that is waited after each Selenium command.</doc>
<status status="PASS" start="2024-11-14T14:20:56.466124" elapsed="0.000138"/>
</kw>
<kw name="Call Method" owner="BuiltIn">
<arg>${options}</arg>
<arg>add_argument</arg>
<arg>--headless</arg>
<doc>Calls the named method of the given object with the provided arguments.</doc>
<status status="PASS" start="2024-11-14T14:20:56.466341" elapsed="0.000110"/>
</kw>
<status status="PASS" start="2024-11-14T14:20:56.466000" elapsed="0.000487"/>
</branch>
<branch type="ELSE">
<kw name="Set Selenium Speed" owner="SeleniumLibrary">
<arg>${DELAY}</arg>
<doc>Sets the delay that is waited after each Selenium command.</doc>
<status status="NOT RUN" start="2024-11-14T14:20:56.466592" elapsed="0.000020"/>
</kw>
<status status="NOT RUN" start="2024-11-14T14:20:56.466511" elapsed="0.000132"/>
</branch>
<status status="PASS" start="2024-11-14T14:20:56.465989" elapsed="0.000676"/>
</if>
<kw name="Open Browser" owner="SeleniumLibrary">
<msg time="2024-11-14T14:20:56.466923" level="INFO">Opening browser 'chrome' to base url 'None'.</msg>
<msg time="2024-11-14T14:20:56.500599" level="WARN">The chromedriver version (130.0.6723.91) detected in PATH at /usr/bin/chromedriver might not be compatible with the detected chrome version (131.0.6778.69); currently, chromedriver 131.0.6778.69 is recommended for chrome 131.*, so it is advised to delete the driver in PATH and retry</msg>
<arg>browser=${BROWSER}</arg>
<arg>options=${options}</arg>
<doc>Opens a new browser instance to the optional ``url``.</doc>
<status status="PASS" start="2024-11-14T14:20:56.466738" elapsed="0.211329"/>
</kw>
<status status="PASS" start="2024-11-14T14:20:56.463051" elapsed="0.215144"/>
</kw>
<test id="s1-s1-t1" name="At start the counter is zero" line="7">
<kw name="Go To" owner="SeleniumLibrary">
<msg time="2024-11-14T14:20:56.678831" level="INFO">Opening url 'http://localhost:5001'</msg>
<arg>${HOME_URL}</arg>
<doc>Navigates the current browser window to the provided ``url``.</doc>
<status status="PASS" start="2024-11-14T14:20:56.678648" elapsed="0.031360"/>
</kw>
<kw name="Title Should Be" owner="SeleniumLibrary">
<msg time="2024-11-14T14:20:56.716082" level="INFO">Page title is 'Laskuri'.</msg>
<arg>Laskuri</arg>
<doc>Verifies that the current page title equals ``title``.</doc>
<status status="PASS" start="2024-11-14T14:20:56.710437" elapsed="0.005754"/>
</kw>
<kw name="Page Should Contain" owner="SeleniumLibrary">
<msg time="2024-11-14T14:20:56.727051" level="INFO">Current page contains text 'nappia painettu 0 kertaa'.</msg>
<arg>nappia painettu 0 kertaa</arg>
<doc>Verifies that current page contains ``text``.</doc>
<status status="PASS" start="2024-11-14T14:20:56.716423" elapsed="0.011165"/>
</kw>
<status status="PASS" start="2024-11-14T14:20:56.678282" elapsed="0.049796"/>
</test>
<test id="s1-s1-t2" name="When button pressed twice the counter is two" line="12">
<kw name="Go To" owner="SeleniumLibrary">
<msg time="2024-11-14T14:20:56.728934" level="INFO">Opening url 'http://localhost:5001'</msg>
<arg>${HOME_URL}</arg>
<doc>Navigates the current browser window to the provided ``url``.</doc>
<status status="PASS" start="2024-11-14T14:20:56.728739" elapsed="0.010530"/>
</kw>
<kw name="Click Button" owner="SeleniumLibrary">
<msg time="2024-11-14T14:20:56.739895" level="INFO">Clicking button 'Paina'.</msg>
<arg>Paina</arg>
<doc>Clicks the button identified by ``locator``.</doc>
<status status="PASS" start="2024-11-14T14:20:56.739571" elapsed="0.049491"/>
</kw>
<kw name="Click Button" owner="SeleniumLibrary">
<msg time="2024-11-14T14:20:56.789529" level="INFO">Clicking button 'Paina'.</msg>
<arg>Paina</arg>
<doc>Clicks the button identified by ``locator``.</doc>
<status status="PASS" start="2024-11-14T14:20:56.789318" elapsed="0.041518"/>
</kw>
<kw name="Page Should Contain" owner="SeleniumLibrary">
<msg time="2024-11-14T14:20:56.841614" level="INFO">Current page contains text 'nappia painettu 2 kertaa'.</msg>
<arg>nappia painettu 2 kertaa</arg>
<doc>Verifies that current page contains ``text``.</doc>
<status status="PASS" start="2024-11-14T14:20:56.831163" elapsed="0.010565"/>
</kw>
<status status="PASS" start="2024-11-14T14:20:56.728385" elapsed="0.113565"/>
</test>
<kw name="Close Browser" owner="SeleniumLibrary" type="TEARDOWN">
<doc>Closes the current browser.</doc>
<status status="PASS" start="2024-11-14T14:20:56.842442" elapsed="0.064702"/>
</kw>
<status status="PASS" start="2024-11-14T14:20:56.381318" elapsed="0.525978"/>
</suite>
<suite id="s1-s2" name="Reset" source="/home/imriina/webcounter/webcounter/webcounter/src/tests/reset.robot">
<kw name="Open And Configure Browser" owner="resource" type="SETUP">
<if>
<branch type="IF" condition="$BROWSER == 'chrome'">
<kw name="Evaluate" owner="BuiltIn">
<msg time="2024-11-14T14:20:56.914428" level="INFO">${options} = &lt;selenium.webdriver.chrome.options.Options object at 0x7f3baa3dd780&gt;</msg>
<var>${options}</var>
<arg>sys.modules['selenium.webdriver'].ChromeOptions()</arg>
<arg>sys</arg>
<doc>Evaluates the given expression in Python and returns the result.</doc>
<status status="PASS" start="2024-11-14T14:20:56.913891" elapsed="0.000600"/>
</kw>
<status status="PASS" start="2024-11-14T14:20:56.913325" elapsed="0.001305"/>
</branch>
<branch type="ELSE IF" condition="$BROWSER == 'firefox'">
<kw name="Evaluate" owner="BuiltIn">
<var>${options}</var>
<arg>sys.modules['selenium.webdriver'].FirefoxOptions()</arg>
<arg>sys</arg>
<doc>Evaluates the given expression in Python and returns the result.</doc>
<status status="NOT RUN" start="2024-11-14T14:20:56.914905" elapsed="0.000052"/>
</kw>
<status status="NOT RUN" start="2024-11-14T14:20:56.914705" elapsed="0.000341"/>
</branch>
<status status="PASS" start="2024-11-14T14:20:56.913283" elapsed="0.001824"/>
</if>
<if>
<branch type="IF" condition="$HEADLESS == 'true'">
<kw name="Set Selenium Speed" owner="SeleniumLibrary">
<arg>0</arg>
<doc>Sets the delay that is waited after each Selenium command.</doc>
<status status="PASS" start="2024-11-14T14:20:56.915543" elapsed="0.000318"/>
</kw>
<kw name="Call Method" owner="BuiltIn">
<arg>${options}</arg>
<arg>add_argument</arg>
<arg>--headless</arg>
<doc>Calls the named method of the given object with the provided arguments.</doc>
<status status="PASS" start="2024-11-14T14:20:56.916063" elapsed="0.000275"/>
</kw>
<status status="PASS" start="2024-11-14T14:20:56.915204" elapsed="0.001232"/>
</branch>
<branch type="ELSE">
<kw name="Set Selenium Speed" owner="SeleniumLibrary">
<arg>${DELAY}</arg>
<doc>Sets the delay that is waited after each Selenium command.</doc>
<status status="NOT RUN" start="2024-11-14T14:20:56.916729" elapsed="0.000150"/>
</kw>
<status status="NOT RUN" start="2024-11-14T14:20:56.916513" elapsed="0.000461"/>
</branch>
<status status="PASS" start="2024-11-14T14:20:56.915177" elapsed="0.001860"/>
</if>
<kw name="Open Browser" owner="SeleniumLibrary">
<msg time="2024-11-14T14:20:56.917631" level="INFO">Opening browser 'chrome' to base url 'None'.</msg>
<msg time="2024-11-14T14:20:56.966152" level="WARN">The chromedriver version (130.0.6723.91) detected in PATH at /usr/bin/chromedriver might not be compatible with the detected chrome version (131.0.6778.69); currently, chromedriver 131.0.6778.69 is recommended for chrome 131.*, so it is advised to delete the driver in PATH and retry</msg>
<arg>browser=${BROWSER}</arg>
<arg>options=${options}</arg>
<doc>Opens a new browser instance to the optional ``url``.</doc>
<status status="PASS" start="2024-11-14T14:20:56.917235" elapsed="0.247591"/>
</kw>
<status status="PASS" start="2024-11-14T14:20:56.912934" elapsed="0.252023"/>
</kw>
<test id="s1-s2-t1" name="When counter has a nonzero value and it is reset the value becomes zero" line="7">
<kw name="Go To" owner="SeleniumLibrary">
<msg time="2024-11-14T14:20:57.165605" level="INFO">Opening url 'http://localhost:5001'</msg>
<arg>${HOME_URL}</arg>
<doc>Navigates the current browser window to the provided ``url``.</doc>
<status status="PASS" start="2024-11-14T14:20:57.165420" elapsed="0.030595"/>
</kw>
<kw name="Click Button" owner="SeleniumLibrary">
<msg time="2024-11-14T14:20:57.196695" level="INFO">Clicking button 'Paina'.</msg>
<arg>Paina</arg>
<doc>Clicks the button identified by ``locator``.</doc>
<status status="PASS" start="2024-11-14T14:20:57.196359" elapsed="0.049110"/>
</kw>
<kw name="Click Button" owner="SeleniumLibrary">
<msg time="2024-11-14T14:20:57.246180" level="INFO">Clicking button 'Nollaa'.</msg>
<arg>Nollaa</arg>
<doc>Clicks the button identified by ``locator``.</doc>
<status status="PASS" start="2024-11-14T14:20:57.245809" elapsed="0.050860"/>
</kw>
<kw name="Page Should Contain" owner="SeleniumLibrary">
<msg time="2024-11-14T14:20:57.307289" level="INFO">Current page contains text 'nappia painettu 0 kertaa'.</msg>
<arg>nappia painettu 0 kertaa</arg>
<doc>Verifies that current page contains ``text``.</doc>
<status status="PASS" start="2024-11-14T14:20:57.297078" elapsed="0.010323"/>
</kw>
<status status="PASS" start="2024-11-14T14:20:57.165040" elapsed="0.142629"/>
</test>
<kw name="Close Browser" owner="SeleniumLibrary" type="TEARDOWN">
<doc>Closes the current browser.</doc>
<status status="PASS" start="2024-11-14T14:20:57.308152" elapsed="0.063929"/>
</kw>
<status status="PASS" start="2024-11-14T14:20:56.908237" elapsed="0.463996"/>
</suite>
<status status="PASS" start="2024-11-14T14:20:56.369329" elapsed="1.003954"/>
</suite>
<statistics>
<total>
<stat pass="3" fail="0" skip="0">All Tests</stat>
</total>
<tag>
</tag>
<suite>
<stat pass="3" fail="0" skip="0" id="s1" name="Tests">Tests</stat>
<stat pass="2" fail="0" skip="0" id="s1-s1" name="Increment">Tests.Increment</stat>
<stat pass="1" fail="0" skip="0" id="s1-s2" name="Reset">Tests.Reset</stat>
</suite>
</statistics>
<errors>
<msg time="2024-11-14T14:20:56.500599" level="WARN">The chromedriver version (130.0.6723.91) detected in PATH at /usr/bin/chromedriver might not be compatible with the detected chrome version (131.0.6778.69); currently, chromedriver 131.0.6778.69 is recommended for chrome 131.*, so it is advised to delete the driver in PATH and retry</msg>
<msg time="2024-11-14T14:20:56.966152" level="WARN">The chromedriver version (130.0.6723.91) detected in PATH at /usr/bin/chromedriver might not be compatible with the detected chrome version (131.0.6778.69); currently, chromedriver 131.0.6778.69 is recommended for chrome 131.*, so it is advised to delete the driver in PATH and retry</msg>
</errors>
</robot>
